# Activity Log

## Run Summary
- 2026-03-10 11:52:33 | run=20260310-012951-93839 | iter=41 | mode=build | story=GIT-039 | duration=182s | status=success
- 2026-03-10 11:49:28 | run=20260310-012951-93839 | iter=40 | mode=build | story=GIT-038 | duration=406s | status=success
- 2026-03-10 11:42:40 | run=20260310-012951-93839 | iter=39 | mode=build | story=GIT-037 | duration=311s | status=success
- 2026-03-10 11:37:27 | run=20260310-012951-93839 | iter=38 | mode=build | story=GIT-036 | duration=305s | status=success
- 2026-03-10 11:32:20 | run=20260310-012951-93839 | iter=37 | mode=build | story=GIT-035 | duration=828s | status=success
- 2026-03-10 11:18:30 | run=20260310-012951-93839 | iter=36 | mode=build | story=GIT-034 | duration=381s | status=success
- 2026-03-10 11:12:07 | run=20260310-012951-93839 | iter=35 | mode=build | story=GIT-033 | duration=816s | status=success
- 2026-03-10 10:58:29 | run=20260310-012951-93839 | iter=34 | mode=build | story=GIT-032 | duration=371s | status=success
- 2026-03-10 10:52:16 | run=20260310-012951-93839 | iter=33 | mode=build | story=GIT-031 | duration=521s | status=success
- 2026-03-10 10:43:33 | run=20260310-012951-93839 | iter=32 | mode=build | story=GIT-030 | duration=273s | status=success
- 2026-03-10 10:38:58 | run=20260310-012951-93839 | iter=31 | mode=build | story=GIT-029 | duration=259s | status=success
- 2026-03-10 10:34:37 | run=20260310-012951-93839 | iter=30 | mode=build | story=GIT-028 | duration=627s | status=success
- 2026-03-10 10:24:08 | run=20260310-012951-93839 | iter=29 | mode=build | story=GIT-027 | duration=297s | status=success
- 2026-03-10 10:19:09 | run=20260310-012951-93839 | iter=28 | mode=build | story=GIT-026 | duration=239s | status=success
- 2026-03-10 10:15:08 | run=20260310-012951-93839 | iter=27 | mode=build | story=GIT-025 | duration=368s | status=success
- 2026-03-10 10:08:58 | run=20260310-012951-93839 | iter=26 | mode=build | story=GIT-024 | duration=87s | status=success
- 2026-03-10 10:07:29 | run=20260310-012951-93839 | iter=25 | mode=build | story=GIT-023 | duration=124s | status=success
- 2026-03-10 10:05:23 | run=20260310-012951-93839 | iter=24 | mode=build | story=GIT-022 | duration=233s | status=success
- 2026-03-10 10:01:28 | run=20260310-012951-93839 | iter=23 | mode=build | story=GIT-021 | duration=268s | status=success
- 2026-03-10 09:56:58 | run=20260310-012951-93839 | iter=22 | mode=build | story=GIT-020 | duration=398s | status=success
- 2026-03-10 09:50:18 | run=20260310-012951-93839 | iter=21 | mode=build | story=GIT-019 | duration=381s | status=success
- 2026-03-10 09:43:54 | run=20260310-012951-93839 | iter=20 | mode=build | story=GIT-018 | duration=468s | status=success
- 2026-03-10 09:36:03 | run=20260310-012951-93839 | iter=19 | mode=build | story=GIT-017 | duration=353s | status=success
- 2026-03-10 09:30:08 | run=20260310-012951-93839 | iter=18 | mode=build | story=GIT-016 | duration=227s | status=success
- 2026-03-10 09:26:19 | run=20260310-012951-93839 | iter=17 | mode=build | story=GIT-015 | duration=308s | status=success
- 2026-03-10 09:21:09 | run=20260310-012951-93839 | iter=16 | mode=build | story=GIT-014 | duration=210s | status=success
- 2026-03-10 09:17:37 | run=20260310-012951-93839 | iter=15 | mode=build | story=GIT-013 | duration=257s | status=success
- 2026-03-10 09:13:18 | run=20260310-012951-93839 | iter=14 | mode=build | story=GIT-012 | duration=202s | status=success
- 2026-03-10 09:09:54 | run=20260310-012951-93839 | iter=13 | mode=build | story=GIT-011 | duration=75s | status=success
- 2026-03-10 09:08:37 | run=20260310-012951-93839 | iter=12 | mode=build | story=GIT-011 | duration=465s | status=success
- 2026-03-10 09:00:50 | run=20260310-012951-93839 | iter=11 | mode=build | story=GIT-010 | duration=3806s | status=success
- 2026-03-10 07:57:22 | run=20260310-012951-93839 | iter=10 | mode=build | story=GIT-010 | duration=21185s | status=error
- 2026-03-10 02:04:15 | run=20260310-012951-93839 | iter=9 | mode=build | story=GIT-009 | duration=168s | status=success
- 2026-03-10 02:01:25 | run=20260310-012951-93839 | iter=8 | mode=build | story=GIT-008 | duration=284s | status=success
- 2026-03-10 01:56:38 | run=20260310-012951-93839 | iter=7 | mode=build | story=GIT-007 | duration=338s | status=success
- 2026-03-10 01:50:58 | run=20260310-012951-93839 | iter=6 | mode=build | story=GIT-006 | duration=202s | status=success
- 2026-03-10 01:47:34 | run=20260310-012951-93839 | iter=5 | mode=build | story=GIT-005 | duration=482s | status=success
- 2026-03-10 01:39:30 | run=20260310-012951-93839 | iter=4 | mode=build | story=GIT-004 | duration=137s | status=success
- 2026-03-10 01:37:11 | run=20260310-012951-93839 | iter=3 | mode=build | story=GIT-003 | duration=155s | status=success
- 2026-03-10 01:34:34 | run=20260310-012951-93839 | iter=2 | mode=build | story=GIT-002 | duration=159s | status=success
- 2026-03-10 01:31:52 | run=20260310-012951-93839 | iter=1 | mode=build | story=GIT-001 | duration=121s | status=success

## Events
[2026-03-10 01:29:51] ITERATION 1 start (mode=build story=GIT-001)
[2026-03-10 01:30:02] GIT-001: Starting work on tabby-git domain crate skeleton
[2026-03-10 01:31:44] GIT-001: COMPLETE — tabby-git crate created, all quality gates pass, committed cc50303
[2026-03-10 01:31:52] ITERATION 1 end (duration=121s)
[2026-03-10 01:31:55] ITERATION 2 start (mode=build story=GIT-002)
[2026-03-10 01:32:09] GIT-002: Starting work on core value objects (BranchName, CommitHash, RemoteName, StashId)
[2026-03-10 01:34:00] GIT-002: Committed 5656e12 — all quality gates pass (28 VO tests, 203 frontend tests, clippy, fmt, lint, typecheck)
[2026-03-10 01:34:34] ITERATION 2 end (duration=159s)
[2026-03-10 01:34:36] ITERATION 3 start (mode=build story=GIT-003)
[2026-03-10 01:34:50] Starting work on GIT-003: File status and diff domain types
[2026-03-10 01:37:06] GIT-003 complete: file status and diff domain types implemented, 27 new tests, all quality gates pass
[2026-03-10 01:37:11] ITERATION 3 end (duration=155s)
[2026-03-10 01:37:13] ITERATION 4 start (mode=build story=GIT-004)
[2026-03-10 01:37:21] GIT-004: Starting work on commit, branch, blame, and repo state types
[2026-03-10 01:39:20] GIT-004: Complete — 5 new types, 25 new tests, all quality gates pass, committed cf37f44
[2026-03-10 01:39:30] ITERATION 4 end (duration=137s)
[2026-03-10 01:39:32] ITERATION 5 start (mode=build story=GIT-005)
[2026-03-10 01:39:43] GIT-005: Starting work on Add GitPaneSpec and PaneSpec::Git to tabby-workspace
[2026-03-10 01:46:32] GIT-005: All quality gates pass - lint, typecheck, 203 frontend tests, cargo fmt, clippy, 402 Rust tests
[2026-03-10 01:47:24] GIT-005: COMPLETE - committed 0288996, all quality gates pass, progress log updated
[2026-03-10 01:47:34] ITERATION 5 end (duration=482s)
[2026-03-10 01:47:36] ITERATION 6 start (mode=build story=GIT-006)
[2026-03-10 01:47:48] GIT-006: Starting work on PaneContentDefinition::Git variant
[2026-03-10 01:49:52] GIT-006: All quality gates pass. Story already fully implemented. Updating progress log.
[2026-03-10 01:50:49] GIT-006: Complete. Commit b7ac867. All quality gates pass.
[2026-03-10 01:50:58] ITERATION 6 end (duration=202s)
[2026-03-10 01:51:00] ITERATION 7 start (mode=build story=GIT-007)
[2026-03-10 01:51:11] GIT-007: Starting work on RuntimeKind::Git and register_git
[2026-03-10 01:56:27] GIT-007: Complete — commit 4d105f1, all quality gates passed
[2026-03-10 01:56:38] ITERATION 7 end (duration=338s)
[2026-03-10 01:56:40] ITERATION 8 start (mode=build story=GIT-008)
[2026-03-10 01:56:49] GIT-008: Starting work on Add Git DTOs to tabby-contracts
[2026-03-10 02:00:39] GIT-008: All quality gates pass - fmt, clippy, cargo test, lint, typecheck, vitest
[2026-03-10 02:01:20] GIT-008: COMPLETE - committed 71f5f5b, all quality gates pass
[2026-03-10 02:01:24] ITERATION 8 end (duration=284s)
[2026-03-10 02:01:27] ITERATION 9 start (mode=build story=GIT-009)
[2026-03-10 02:01:36] GIT-009: Starting work on Define GitOperationsPort trait
[2026-03-10 02:04:07] GIT-009: Complete. Committed 7da547f. All quality gates pass.
[2026-03-10 02:04:15] ITERATION 9 end (duration=168s)
[2026-03-10 02:04:18] ITERATION 10 start (mode=build story=GIT-010)
[2026-03-10 02:04:32] Starting work on GIT-010: Create GitApplicationService with command dispatch
[2026-03-10 07:57:22] ITERATION 10 end (duration=21185s)
[2026-03-10 07:57:24] ITERATION 11 start (mode=build story=GIT-010)
[2026-03-10 08:55:15] GIT-010: Starting work on GitApplicationService with command dispatch
[2026-03-10 08:59:53] GIT-010: All quality gates pass - 182 Rust tests, 203 frontend tests, clippy clean
[2026-03-10 09:00:45] GIT-010: COMPLETE - committed 6fa267e, progress updated
[2026-03-10 09:00:50] ITERATION 11 end (duration=3806s)
[2026-03-10 09:00:53] ITERATION 12 start (mode=build story=GIT-011)
[2026-03-10 09:01:03] GIT-011: Starting work on GitCommand enum and DTO mappers
[2026-03-10 09:07:48] GIT-011: All quality gates pass. Committing changes.
[2026-03-10 09:08:32] GIT-011: Complete. Commit 30d0512. All quality gates pass.
[2026-03-10 09:08:37] ITERATION 12 end (duration=465s)
[2026-03-10 09:08:39] ITERATION 13 start (mode=build story=GIT-011)
[2026-03-10 09:08:50] GIT-011: Starting work on GitCommand enum and DTO mappers (iter 13)
[2026-03-10 09:09:46] GIT-011: All quality gates pass. Story already complete from iter 12 (commit 30d0512). Signaling completion.
[2026-03-10 09:09:54] ITERATION 13 end (duration=75s)
[2026-03-10 09:09:56] ITERATION 14 start (mode=build story=GIT-012)
[2026-03-10 09:10:05] GIT-012: Starting work on Handle PaneSpec::Git in RuntimeApplicationService
[2026-03-10 09:13:06] GIT-012: COMPLETE - All quality gates pass, committed as 0a73137
[2026-03-10 09:13:18] ITERATION 14 end (duration=202s)
[2026-03-10 09:13:20] ITERATION 15 start (mode=build story=GIT-013)
[2026-03-10 09:13:31] GIT-013: Starting work on RuntimeCoordinator Git pane events
[2026-03-10 09:16:44] GIT-013: All quality gates pass - 484 Rust tests, 203 frontend tests, lint/typecheck/clippy clean
[2026-03-10 09:17:25] GIT-013: COMPLETE - committed c66a0a4, all quality gates pass
[2026-03-10 09:17:37] ITERATION 15 end (duration=257s)
[2026-03-10 09:17:40] ITERATION 16 start (mode=build story=GIT-014)
[2026-03-10 09:17:50] GIT-014: Starting work on CliGitAdapter skeleton with command runner
[2026-03-10 09:20:46] GIT-014: All quality gates passed, committed eaff80b
[2026-03-10 09:21:09] ITERATION 16 end (duration=210s)
[2026-03-10 09:21:11] ITERATION 17 start (mode=build story=GIT-015)
[2026-03-10 09:21:27] GIT-015: Starting implementation of git status parsing (porcelain v2)
[2026-03-10 09:26:10] GIT-015: Complete - status parsing implemented with 15 tests, all quality gates pass
[2026-03-10 09:26:19] ITERATION 17 end (duration=308s)
[2026-03-10 09:26:21] ITERATION 18 start (mode=build story=GIT-016)
[2026-03-10 09:26:32] GIT-016: Starting work on diff parsing (unified format)
[2026-03-10 09:29:49] GIT-016: Completed diff parsing implementation with 13 tests, all quality gates pass. Commit: cedb373
[2026-03-10 09:30:08] ITERATION 18 end (duration=227s)
[2026-03-10 09:30:10] ITERATION 19 start (mode=build story=GIT-017)
[2026-03-10 09:30:20] GIT-017: Starting work on stage, unstage, commit, discard operations
[2026-03-10 09:35:11] GIT-017: Implementation complete. stage, unstage, stage_lines, commit, discard_changes implemented with validation and tests. All quality gates pass.
[2026-03-10 09:36:03] ITERATION 19 end (duration=353s)
[2026-03-10 09:36:05] ITERATION 20 start (mode=build story=GIT-018)
[2026-03-10 09:36:16] GIT-018: Starting work on push, pull, fetch, branch operations
[2026-03-10 09:43:42] GIT-018: Completed - all quality gates pass, committed as b307fa0
[2026-03-10 09:43:54] ITERATION 20 end (duration=468s)
[2026-03-10 09:43:56] ITERATION 21 start (mode=build story=GIT-019)
[2026-03-10 09:44:05] GIT-019: Starting work on log, blame, stash, repo_state operations
[2026-03-10 09:49:20] GIT-019: All implementations complete, all quality gates pass (305 Rust tests, 203 frontend tests)
[2026-03-10 09:50:07] GIT-019: Complete. Committed c027444 + 782ee65. All gates pass.
[2026-03-10 09:50:18] ITERATION 21 end (duration=381s)
[2026-03-10 09:50:20] ITERATION 22 start (mode=build story=GIT-020)
[2026-03-10 09:50:30] GIT-020: Starting work - Wire CliGitAdapter and GitApplicationService into AppShell
[2026-03-10 09:55:59] GIT-020: Implementation complete. AppShell now owns GitApplicationService with CliGitAdapter. dispatch_git_command method added. All quality gates pass.
[2026-03-10 09:56:50] GIT-020: Progress log updated. Story complete.
[2026-03-10 09:56:58] ITERATION 22 end (duration=398s)
[2026-03-10 09:57:00] ITERATION 23 start (mode=build story=GIT-021)
[2026-03-10 09:57:10] GIT-021: Starting work on dispatch_git_command IPC handler
[2026-03-10 10:01:15] GIT-021: Completed - IPC handler added, bindings regenerated, all quality gates pass
[2026-03-10 10:01:28] ITERATION 23 end (duration=268s)
[2026-03-10 10:01:30] ITERATION 24 start (mode=build story=GIT-022)
[2026-03-10 10:01:41] GIT-022: Starting work on DTO mappers for Git pane spec and runtime
[2026-03-10 10:05:17] GIT-022: Complete — added 8 Git DTO mapper unit tests, all quality gates pass, committed d3a664d
[2026-03-10 10:05:23] ITERATION 24 end (duration=233s)
[2026-03-10 10:05:25] ITERATION 25 start (mode=build story=GIT-023)
[2026-03-10 10:05:35] GIT-023: Starting work on frontend Git domain models
[2026-03-10 10:07:21] GIT-023: Complete. All ACs verified, tests added for git kind coverage, committed as 4b47364.
[2026-03-10 10:07:29] ITERATION 25 end (duration=124s)
[2026-03-10 10:07:31] ITERATION 26 start (mode=build story=GIT-024)
[2026-03-10 10:07:41] GIT-024: Starting work on frontend Git domain models
[2026-03-10 10:08:51] GIT-024: Completed — all quality gates pass, committed as 253ec26
[2026-03-10 10:08:58] ITERATION 26 end (duration=87s)
[2026-03-10 10:09:00] ITERATION 27 start (mode=build story=GIT-025)
[2026-03-10 10:09:09] GIT-025: Starting work on GitClient transport and mock for browser dev
[2026-03-10 10:14:43] GIT-025: Committed 1400bc0 - all quality gates pass (239 TS tests, 563 Rust tests, lint, typecheck, clippy, fmt)
[2026-03-10 10:15:08] ITERATION 27 end (duration=368s)
[2026-03-10 10:15:10] ITERATION 28 start (mode=build story=GIT-026)
[2026-03-10 10:15:22] GIT-026: Starting work on workspace snapshot builder for Git panes
[2026-03-10 10:18:20] GIT-026: All quality gates pass. Committing changes.
[2026-03-10 10:19:01] GIT-026: COMPLETE — committed 9da386a, all quality gates pass, progress updated
[2026-03-10 10:19:09] ITERATION 28 end (duration=239s)
[2026-03-10 10:19:11] ITERATION 29 start (mode=build story=GIT-027)
[2026-03-10 10:19:20] GIT-027: Starting work on GitPane shell component with local Zustand store
[2026-03-10 10:22:52] GIT-027: All quality gates pass - lint, typecheck, 252 vitest tests, cargo fmt/clippy/test (312 tests)
[2026-03-10 10:24:01] GIT-027: COMPLETE — committed 0350c12, all quality gates pass, progress updated
[2026-03-10 10:24:08] ITERATION 29 end (duration=297s)
[2026-03-10 10:24:10] ITERATION 30 start (mode=build story=GIT-028)
[2026-03-10 10:24:21] GIT-028: Starting work on FileTreePanel component with status view
[2026-03-10 10:33:00] GIT-028: All quality gates passed - lint, typecheck, 273 tests, cargo fmt, clippy, cargo test
[2026-03-10 10:34:32] GIT-028: COMPLETE - committed 1c6ee0b, all quality gates passed, 22 new component tests
[2026-03-10 10:34:37] ITERATION 30 end (duration=627s)
[2026-03-10 10:34:40] ITERATION 31 start (mode=build story=GIT-029)
[2026-03-10 10:34:49] GIT-029: Starting work on DiffViewer component — unified mode
[2026-03-10 10:38:45] GIT-029: Complete — DiffViewer component with 17 tests, all quality gates pass, committed f90ec8f
[2026-03-10 10:38:58] ITERATION 31 end (duration=259s)
[2026-03-10 10:39:00] ITERATION 32 start (mode=build story=GIT-030)
[2026-03-10 10:39:11] GIT-030: Starting work on split (side-by-side) mode for DiffViewer
[2026-03-10 10:43:18] GIT-030: COMPLETE - split mode with sync scroll, 16 new tests, all quality gates pass. Commit 3480a03
[2026-03-10 10:43:33] ITERATION 32 end (duration=273s)
[2026-03-10 10:43:35] ITERATION 33 start (mode=build story=GIT-031)
[2026-03-10 10:43:47] GIT-031: Starting work on line-level and hunk-level staging in DiffViewer
[2026-03-10 10:51:14] GIT-031: All quality gates pass. Committing changes.
[2026-03-10 10:52:07] GIT-031: COMPLETE. Committed 44fb7ec. All quality gates pass.
[2026-03-10 10:52:16] ITERATION 33 end (duration=521s)
[2026-03-10 10:52:19] ITERATION 34 start (mode=build story=GIT-032)
[2026-03-10 10:52:27] GIT-032: Starting work on lightweight syntax highlighting for DiffViewer
[2026-03-10 10:58:07] GIT-032: Completed - syntax highlighting for DiffViewer committed as fc7f33b
[2026-03-10 10:58:29] ITERATION 34 end (duration=371s)
[2026-03-10 10:58:31] ITERATION 35 start (mode=build story=GIT-033)
[2026-03-10 10:58:41] GIT-033: Starting work on CommitPanel component
[2026-03-10 11:10:52] GIT-033: All quality gates pass. Committing changes.
[2026-03-10 11:11:52] GIT-033: COMPLETE. Committed be4da2a + 1c3983b. All gates pass.
[2026-03-10 11:12:07] ITERATION 35 end (duration=816s)
[2026-03-10 11:12:09] ITERATION 36 start (mode=build story=GIT-034)
[2026-03-10 11:12:18] GIT-034: Starting work on BranchSelector component
[2026-03-10 11:17:22] GIT-034: All quality gates passed. Committing changes.
[2026-03-10 11:18:17] GIT-034: COMPLETE - BranchSelector component with 21 tests, all quality gates passed
[2026-03-10 11:18:30] ITERATION 36 end (duration=381s)
[2026-03-10 11:18:32] ITERATION 37 start (mode=build story=GIT-035)
[2026-03-10 11:18:42] GIT-035: Starting work on HistoryPanel component
[2026-03-10 11:30:50] GIT-035: All quality gates passed - lint, typecheck, 426 vitest tests, cargo fmt, clippy, 563 cargo tests
[2026-03-10 11:32:01] GIT-035: Complete - committed bd5f1a1, progress logged
[2026-03-10 11:32:20] ITERATION 37 end (duration=828s)
[2026-03-10 11:32:23] ITERATION 38 start (mode=build story=GIT-036)
[2026-03-10 11:32:34] GIT-036: Starting work on BlameView component
[2026-03-10 11:37:21] GIT-036: Complete - BlameView component with tests, context menu, store integration. All quality gates pass.
[2026-03-10 11:37:27] ITERATION 38 end (duration=305s)
[2026-03-10 11:37:29] ITERATION 39 start (mode=build story=GIT-037)
[2026-03-10 11:37:39] GIT-037: Starting work on StashPanel component
[2026-03-10 11:42:29] GIT-037: Complete - StashPanel component implemented, 452 tests passing, all quality gates green
[2026-03-10 11:42:40] ITERATION 39 end (duration=311s)
[2026-03-10 11:42:42] ITERATION 40 start (mode=build story=GIT-038)
[2026-03-10 11:42:51] GIT-038: Starting work on Add GitPane to SplitTreeRenderer
[2026-03-10 11:48:44] GIT-038: Implementation complete, all quality gates pass
[2026-03-10 11:49:23] GIT-038: Complete - committed and progress updated
[2026-03-10 11:49:28] ITERATION 40 end (duration=406s)
[2026-03-10 11:49:30] ITERATION 41 start (mode=build story=GIT-039)
[2026-03-10 11:49:39] GIT-039: Starting work on Add Git option to SplitPopup pane type selector
[2026-03-10 11:52:22] GIT-039: Completed - all quality gates pass, committed as 3e2b1c0
[2026-03-10 11:52:33] ITERATION 41 end (duration=182s)
[2026-03-10 11:52:35] ITERATION 42 start (mode=build story=GIT-040)
[2026-03-10 11:52:45] GIT-040: Starting work on 'Open Git' action from terminal pane context
